Using pre-set license
Built from '2022.3/staging' branch; Version is '2022.3.7f1 (b16b3b16c7a0) revision 11627323'; Using compiler version '192829333'; Build Type 'Release'
OS: 'Windows 11  (10.0.22631) 64bit CoreSingleLanguage' Language: 'en' Physical Memory: 16304 MB
BatchMode: 1, IsHumanControllingUs: 0, StartBugReporterOnCrash: 0, Is64bit: 1, IsPro: 1

COMMAND LINE ARGUMENTS:
C:\Program Files\Unity\Hub\Editor\2022.3.7f1\Editor\Unity.exe
-adb2
-batchMode
-noUpm
-name
AssetImportWorker2
-projectPath
C:/Users/kashy/Downloads/FPS Prototype/FPS Prototype
-logFile
Logs/AssetImportWorker2.log
-srvPort
57009
Successfully changed project path to: C:/Users/kashy/Downloads/FPS Prototype/FPS Prototype
C:/Users/kashy/Downloads/FPS Prototype/FPS Prototype
[UnityMemory] Configuration Parameters - Can be set up in boot.config
    "memorysetup-bucket-allocator-granularity=16"
    "memorysetup-bucket-allocator-bucket-count=8"
    "memorysetup-bucket-allocator-block-size=33554432"
    "memorysetup-bucket-allocator-block-count=8"
    "memorysetup-main-allocator-block-size=16777216"
    "memorysetup-thread-allocator-block-size=16777216"
    "memorysetup-gfx-main-allocator-block-size=16777216"
    "memorysetup-gfx-thread-allocator-block-size=16777216"
    "memorysetup-cache-allocator-block-size=4194304"
    "memorysetup-typetree-allocator-block-size=2097152"
    "memorysetup-profiler-bucket-allocator-granularity=16"
    "memorysetup-profiler-bucket-allocator-bucket-count=8"
    "memorysetup-profiler-bucket-allocator-block-size=33554432"
    "memorysetup-profiler-bucket-allocator-block-count=8"
    "memorysetup-profiler-allocator-block-size=16777216"
    "memorysetup-profiler-editor-allocator-block-size=1048576"
    "memorysetup-temp-allocator-size-main=16777216"
    "memorysetup-job-temp-allocator-block-size=2097152"
    "memorysetup-job-temp-allocator-block-size-background=1048576"
    "memorysetup-job-temp-allocator-reduction-small-platforms=262144"
    "memorysetup-allocator-temp-initial-block-size-main=262144"
    "memorysetup-allocator-temp-initial-block-size-worker=262144"
    "memorysetup-temp-allocator-size-background-worker=32768"
    "memorysetup-temp-allocator-size-job-worker=262144"
    "memorysetup-temp-allocator-size-preload-manager=33554432"
    "memorysetup-temp-allocator-size-nav-mesh-worker=65536"
    "memorysetup-temp-allocator-size-audio-worker=65536"
    "memorysetup-temp-allocator-size-cloud-worker=32768"
    "memorysetup-temp-allocator-size-gi-baking-worker=262144"
    "memorysetup-temp-allocator-size-gfx=262144"
Player connection [2156] Host "[IP] 172.19.31.222 [Port] 0 [Flags] 2 [Guid] 585570398 [EditorId] 585570398 [Version] 1048832 [Id] WindowsEditor(7,KashyapVadhel) [Debug] 1 [PackageName] WindowsEditor [ProjectName] Editor" joined multi-casting on [225.0.0.222:54997]...

Player connection [2156] Host "[IP] 172.19.31.222 [Port] 0 [Flags] 2 [Guid] 585570398 [EditorId] 585570398 [Version] 1048832 [Id] WindowsEditor(7,KashyapVadhel) [Debug] 1 [PackageName] WindowsEditor [ProjectName] Editor" joined alternative multi-casting on [225.0.0.222:34997]...

Refreshing native plugins compatible for Editor in 743.62 ms, found 11 plugins.
Preloading 2 native plugins for Editor in 1.32 ms.
Initialize engine version: 2022.3.7f1 (b16b3b16c7a0)
[Subsystems] Discovering subsystems at path C:/Program Files/Unity/Hub/Editor/2022.3.7f1/Editor/Data/Resources/UnitySubsystems
[Subsystems] Discovering subsystems at path C:/Users/kashy/Downloads/FPS Prototype/FPS Prototype/Assets
GfxDevice: creating device client; threaded=0; jobified=0
Direct3D:
    Version:  Direct3D 11.0 [level 11.1]
    Renderer: NVIDIA GeForce GTX 1650 (ID=0x1f91)
    Vendor:   NVIDIA
    VRAM:     3950 MB
    Driver:   31.0.15.4617
Initialize mono
Mono path[0] = 'C:/Program Files/Unity/Hub/Editor/2022.3.7f1/Editor/Data/Managed'
Mono path[1] = 'C:/Program Files/Unity/Hub/Editor/2022.3.7f1/Editor/Data/MonoBleedingEdge/lib/mono/unityjit-win32'
Mono config path = 'C:/Program Files/Unity/Hub/Editor/2022.3.7f1/Editor/Data/MonoBleedingEdge/etc'
Using monoOptions --debugger-agent=transport=dt_socket,embedding=1,server=y,suspend=n,address=127.0.0.1:56824
Begin MonoManager ReloadAssembly
Registering precompiled unity dll's ...
Register platform support module: C:/Program Files/Unity/Hub/Editor/2022.3.7f1/Editor/Data/PlaybackEngines/WindowsStandaloneSupport/UnityEditor.WindowsStandalone.Extensions.dll
Registered in 0.012320 seconds.
- Loaded All Assemblies, in  1.076 seconds
Native extension for WindowsStandalone target not found
Mono: successfully reloaded assembly
- Finished resetting the current domain, in  0.349 seconds
Domain Reload Profiling: 1423ms
	BeginReloadAssembly (159ms)
		ExecutionOrderSort (0ms)
		DisableScriptedObjects (0ms)
		BackupInstance (0ms)
		ReleaseScriptingObjects (0ms)
		CreateAndSetChildDomain (1ms)
	RebuildCommonClasses (252ms)
	RebuildNativeTypeToScriptingClass (15ms)
	initialDomainReloadingComplete (84ms)
	LoadAllAssembliesAndSetupDomain (563ms)
		LoadAssemblies (155ms)
		RebuildTransferFunctionScriptingTraits (0ms)
		AnalyzeDomain (561ms)
			TypeCache.Refresh (560ms)
				TypeCache.ScanAssembly (415ms)
			ScanForSourceGeneratedMonoScriptInfo (0ms)
			ResolveRequiredComponents (1ms)
	FinalizeReload (350ms)
		ReleaseScriptCaches (0ms)
		RebuildScriptCaches (0ms)
		SetupLoadedEditorAssemblies (268ms)
			LogAssemblyErrors (0ms)
			InitializePlatformSupportModulesInManaged (13ms)
			SetLoadedEditorAssemblies (9ms)
			RefreshPlugins (0ms)
			BeforeProcessingInitializeOnLoad (3ms)
			ProcessInitializeOnLoadAttributes (171ms)
			ProcessInitializeOnLoadMethodAttributes (73ms)
			AfterProcessingInitializeOnLoad (0ms)
			EditorAssembliesLoaded (0ms)
		ExecutionOrderSort2 (0ms)
		AwakeInstancesAfterBackupRestoration (0ms)
========================================================================
Worker process is ready to serve import requests
Begin MonoManager ReloadAssembly
Symbol file LoadedFromMemory doesn't match image C:\Users\kashy\Downloads\FPS Prototype\FPS Prototype\Library\PackageCache\com.unity.visualscripting@1.8.0\Editor\VisualScripting.Core\Dependencies\YamlDotNet\Unity.VisualScripting.YamlDotNet.dll
Symbol file LoadedFromMemory doesn't match image C:\Users\kashy\Downloads\FPS Prototype\FPS Prototype\Library\PackageCache\com.unity.visualscripting@1.8.0\Editor\VisualScripting.Core\Dependencies\DotNetZip\Unity.VisualScripting.IonicZip.dll
- Loaded All Assemblies, in  0.846 seconds
Refreshing native plugins compatible for Editor in 12.97 ms, found 11 plugins.
Native extension for WindowsStandalone target not found
Package Manager log level set to [2]
[Package Manager] Server::EnsureServerProcessIsRunning -- launch failed, reason: Unity was launched with the -noUpm command-line argument
[Package Manager] UpmClient::Send -- Unable to send message (not connected to UPM process).
[Package Manager] Cannot connect to Unity Package Manager local server
[Package Manager] Server::EnsureServerProcessIsRunning -- launch failed, reason: Unity was launched with the -noUpm command-line argument
[Package Manager] UpmClient::Send -- Unable to send message (not connected to UPM process).
[Package Manager] Cannot connect to Unity Package Manager local server
System.Reflection.TargetInvocationException: Exception has been thrown by the target of an invocation. ---> System.NullReferenceException: Object reference not set to an instance of an object
  at Unity.XR.Oculus.OculusLoader.AssetPathToAbsolutePath (System.String assetPath) [0x0003d] in .\Library\PackageCache\com.unity.xr.oculus@4.0.0\Runtime\OculusLoader.cs:282 
  at Unity.XR.Oculus.OculusLoader.EditorLoadOVRPlugin () [0x0007b] in .\Library\PackageCache\com.unity.xr.oculus@4.0.0\Runtime\OculusLoader.cs:267 
  at (wrapper managed-to-native) System.Reflection.RuntimeMethodInfo.InternalInvoke(System.Reflection.RuntimeMethodInfo,object,object[],System.Exception&)
  at System.Reflection.RuntimeMethodInfo.Invoke (System.Object obj, System.Reflection.BindingFlags invokeAttr, System.Reflection.Binder binder, System.Object[] parameters, System.Globalization.CultureInfo culture) [0x0006a] in <b89873cb176e44a995a4781c7487d410>:0 
   --- End of inner exception stack trace ---
  at System.Reflection.RuntimeMethodInfo.Invoke (System.Object obj, System.Reflection.BindingFlags invokeAttr, System.Reflection.Binder binder, System.Object[] parameters, System.Globalization.CultureInfo culture) [0x00083] in <b89873cb176e44a995a4781c7487d410>:0 
  at System.Reflection.MethodBase.Invoke (System.Object obj, System.Object[] parameters) [0x00000] in <b89873cb176e44a995a4781c7487d410>:0 
  at UnityEditor.EditorAssemblies.ProcessInitializeOnLoadMethodAttributes () [0x000a5] in <97436df440ca462884c5332c1d8ebbe7>:0 
UnityEngine.StackTraceUtility:ExtractStackTrace ()
UnityEngine.DebugLogHandler:LogFormat (UnityEngine.LogType,UnityEngine.Object,string,object[])
UnityEngine.Logger:Log (UnityEngine.LogType,object)
UnityEngine.Debug:LogError (object)
UnityEditor.EditorAssemblies:ProcessInitializeOnLoadMethodAttributes ()

Mono: successfully reloaded assembly
[Package Manager] Server::EnsureServerProcessIsRunning -- launch failed, reason: Unity was launched with the -noUpm command-line argument
[Package Manager] UpmClient::Send -- Unable to send message (not connected to UPM process).
[Package Manager] Cannot connect to Unity Package Manager local server
[Package Manager] Server::EnsureServerProcessIsRunning -- launch failed, reason: Unity was launched with the -noUpm command-line argument
[Package Manager] UpmClient::Send -- Unable to send message (not connected to UPM process).
[Package Manager] Cannot connect to Unity Package Manager local server
- Finished resetting the current domain, in  1.118 seconds
Domain Reload Profiling: 1960ms
	BeginReloadAssembly (163ms)
		ExecutionOrderSort (0ms)
		DisableScriptedObjects (6ms)
		BackupInstance (0ms)
		ReleaseScriptingObjects (0ms)
		CreateAndSetChildDomain (21ms)
	RebuildCommonClasses (36ms)
	RebuildNativeTypeToScriptingClass (11ms)
	initialDomainReloadingComplete (50ms)
	LoadAllAssembliesAndSetupDomain (581ms)
		LoadAssemblies (382ms)
		RebuildTransferFunctionScriptingTraits (0ms)
		AnalyzeDomain (295ms)
			TypeCache.Refresh (253ms)
				TypeCache.ScanAssembly (179ms)
			ScanForSourceGeneratedMonoScriptInfo (32ms)
			ResolveRequiredComponents (9ms)
	FinalizeReload (1119ms)
		ReleaseScriptCaches (0ms)
		RebuildScriptCaches (0ms)
		SetupLoadedEditorAssemblies (817ms)
			LogAssemblyErrors (0ms)
			InitializePlatformSupportModulesInManaged (11ms)
			SetLoadedEditorAssemblies (12ms)
			RefreshPlugins (0ms)
			BeforeProcessingInitializeOnLoad (123ms)
			ProcessInitializeOnLoadAttributes (613ms)
			ProcessInitializeOnLoadMethodAttributes (44ms)
			AfterProcessingInitializeOnLoad (14ms)
			EditorAssembliesLoaded (0ms)
		ExecutionOrderSort2 (0ms)
		AwakeInstancesAfterBackupRestoration (11ms)
Launched and connected shader compiler UnityShaderCompiler.exe after 0.08 seconds
Refreshing native plugins compatible for Editor in 21.62 ms, found 11 plugins.
Preloading 2 native plugins for Editor in 0.45 ms.
Unloading 4011 Unused Serialized files (Serialized files now loaded: 0)
Unloading 75 unused Assets / (1.4 MB). Loaded Objects now: 4456.
Memory consumption went from 151.3 MB to 150.0 MB.
Total: 7.878500 ms (FindLiveObjects: 0.764300 ms CreateObjectMapping: 0.505800 ms MarkObjects: 6.141900 ms  DeleteObjects: 0.464900 ms)

AssetImportParameters requested are different than current active one (requested -> active):
  custom:container-demuxer-ogg: 62fdf1f143b41e24485cea50d1cbac27 -> 
  custom:scripting/monoscript/fileName/Oculus.cs: 2edcd533dd4b371bb248051a8fa77761 -> 
  custom:video-codec-MediaFoundation-h265: 746d11721c4dcdbdad8f713fa42b33f4 -> 
  custom:video-decoder-ogg-theora: a1e56fd34408186e4bbccfd4996cb3dc -> 
  custom:framework-win-MediaFoundation: 216162199b28c13a410421893ffa2e32 -> 
  custom:CustomObjectIndexerAttribute: 756ad292c208cfabdd7b50bc23989ffe -> 
  custom:container-demuxer-webm: 4f35f7cbe854078d1ac9338744f61a02 -> 
  custom:container-muxer-webm: aa71ff27fc2769a1b78a27578f13a17b -> 
  custom:video-decoder-webm-vp8: 9c59270c3fd7afecdb556c50c9e8de78 -> 
  custom:SearchIndexIgnoredProperties: e643bd26f0fe6173181afceb89e7c659 -> 
  custom:AudioImporter_EditorPlatform: d09bf68614088b80899f8185d706f6e7 -> 
  custom:video-encoder-webm-vp8: eb34c28f22e8b96e1ab97ce403110664 -> 
  custom:audio-decoder-ogg-vorbis: bf7c407c2cedff20999df2af8eb42d56 -> 
  custom:audio-encoder-webm-vorbis: bf7c407c2cedff20999df2af8eb42d56 -> 
========================================================================
Received Import Request.
  Time since last request: 168663.169781 seconds.
  path: Assets/Scenes/Environment/NavMesh-Floor Tile 04.asset
  artifactKey: Guid(14014c8643ddf314ba6db96f83263d3c) Importer(815301076,1909f56bfc062723c751e8b465ee728b)
Start importing Assets/Scenes/Environment/NavMesh-Floor Tile 04.asset using Guid(14014c8643ddf314ba6db96f83263d3c) Importer(815301076,1909f56bfc062723c751e8b465ee728b)  -> (artifact id: '260e80aaec23abe95bb6ae79f49cc7a2') in 0.021464 seconds
Number of updated asset objects reloaded before import = 0
Number of asset objects unloaded after import = 1
========================================================================
Received Import Request.
  Time since last request: 0.000021 seconds.
  path: Assets/Scenes/Environment/NavMesh-Floor Tile 04 (7).asset
  artifactKey: Guid(db4b489d7e4128247b4d6ac6dc88493f) Importer(815301076,1909f56bfc062723c751e8b465ee728b)
Start importing Assets/Scenes/Environment/NavMesh-Floor Tile 04 (7).asset using Guid(db4b489d7e4128247b4d6ac6dc88493f) Importer(815301076,1909f56bfc062723c751e8b465ee728b)  -> (artifact id: '13688bb512801d9931c965fe1fcdbb98') in 0.006295 seconds
Number of updated asset objects reloaded before import = 0
Number of asset objects unloaded after import = 1
========================================================================
Received Import Request.
  Time since last request: 0.019346 seconds.
  path: Assets/Scenes/Environment/NavMesh-Floor Tile 03 (8).asset
  artifactKey: Guid(a5d4d6983401af34589e97682e88f61f) Importer(815301076,1909f56bfc062723c751e8b465ee728b)
Start importing Assets/Scenes/Environment/NavMesh-Floor Tile 03 (8).asset using Guid(a5d4d6983401af34589e97682e88f61f) Importer(815301076,1909f56bfc062723c751e8b465ee728b)  -> (artifact id: 'dad63c324118c0dbff029917ced7647c') in 0.006607 seconds
Number of updated asset objects reloaded before import = 0
Number of asset objects unloaded after import = 1
========================================================================
Received Import Request.
  Time since last request: 0.000084 seconds.
  path: Assets/Scenes/Environment/NavMesh-Floor Tile 03 (14).asset
  artifactKey: Guid(3d112d8890c4dc447bf05bb2b6ba4af5) Importer(815301076,1909f56bfc062723c751e8b465ee728b)
Start importing Assets/Scenes/Environment/NavMesh-Floor Tile 03 (14).asset using Guid(3d112d8890c4dc447bf05bb2b6ba4af5) Importer(815301076,1909f56bfc062723c751e8b465ee728b)  -> (artifact id: 'e0e2ec72f961bd727450cb41edf893d7') in 0.006714 seconds
Number of updated asset objects reloaded before import = 0
Number of asset objects unloaded after import = 1
========================================================================
Received Import Request.
  Time since last request: 0.000016 seconds.
  path: Assets/Scenes/Environment/NavMesh-Floor Tile 03 (11).asset
  artifactKey: Guid(b2e4ee02bf5683546bcc280dc47f3f04) Importer(815301076,1909f56bfc062723c751e8b465ee728b)
Start importing Assets/Scenes/Environment/NavMesh-Floor Tile 03 (11).asset using Guid(b2e4ee02bf5683546bcc280dc47f3f04) Importer(815301076,1909f56bfc062723c751e8b465ee728b)  -> (artifact id: 'b18f34805d16b8a1c8ef0dad4e331b19') in 0.007669 seconds
Number of updated asset objects reloaded before import = 0
Number of asset objects unloaded after import = 1
========================================================================
Received Import Request.
  Time since last request: 0.020090 seconds.
  path: Assets/Scenes/Environment/NavMesh-Floor Tile 03.asset
  artifactKey: Guid(62ba4a7707702864c952e2339d892fbd) Importer(815301076,1909f56bfc062723c751e8b465ee728b)
Start importing Assets/Scenes/Environment/NavMesh-Floor Tile 03.asset using Guid(62ba4a7707702864c952e2339d892fbd) Importer(815301076,1909f56bfc062723c751e8b465ee728b)  -> (artifact id: '872d52e0450fb331dfeceed5f52fa6f6') in 0.006983 seconds
Number of updated asset objects reloaded before import = 0
Number of asset objects unloaded after import = 1
========================================================================
Received Import Request.
  Time since last request: 0.000054 seconds.
  path: Assets/Scenes/Environment/NavMesh-Floor Tile 03 (6).asset
  artifactKey: Guid(693e5b97c013dd248871fa760ca3269e) Importer(815301076,1909f56bfc062723c751e8b465ee728b)
Start importing Assets/Scenes/Environment/NavMesh-Floor Tile 03 (6).asset using Guid(693e5b97c013dd248871fa760ca3269e) Importer(815301076,1909f56bfc062723c751e8b465ee728b)  -> (artifact id: 'a9a78deb90dd82326ab6fa84c074bf23') in 0.007269 seconds
Number of updated asset objects reloaded before import = 0
Number of asset objects unloaded after import = 1
========================================================================
Received Import Request.
  Time since last request: 0.000048 seconds.
  path: Assets/Scenes/Environment/NavMesh-Floor Tile 03 (7).asset
  artifactKey: Guid(2608645404e5cf040ad38b59c578fd69) Importer(815301076,1909f56bfc062723c751e8b465ee728b)
Start importing Assets/Scenes/Environment/NavMesh-Floor Tile 03 (7).asset using Guid(2608645404e5cf040ad38b59c578fd69) Importer(815301076,1909f56bfc062723c751e8b465ee728b)  -> (artifact id: '2d14171e802850ba5d476e8657af4b46') in 0.007651 seconds
Number of updated asset objects reloaded before import = 0
Number of asset objects unloaded after import = 1
========================================================================
Received Import Request.
  Time since last request: 0.038346 seconds.
  path: Assets/Scenes/Environment/NavMesh-Floor Tile 02 (8).asset
  artifactKey: Guid(72e8bc9a33f871b43b28f1b5c26cac72) Importer(815301076,1909f56bfc062723c751e8b465ee728b)
Start importing Assets/Scenes/Environment/NavMesh-Floor Tile 02 (8).asset using Guid(72e8bc9a33f871b43b28f1b5c26cac72) Importer(815301076,1909f56bfc062723c751e8b465ee728b)  -> (artifact id: '4a5eaf367430146c16087f56ce838764') in 0.007071 seconds
Number of updated asset objects reloaded before import = 0
Number of asset objects unloaded after import = 1
========================================================================
Received Import Request.
  Time since last request: 0.000023 seconds.
  path: Assets/Scenes/Environment/NavMesh-Floor Tile 02 (13).asset
  artifactKey: Guid(b18378a531e00f34f95c0f537c35e843) Importer(815301076,1909f56bfc062723c751e8b465ee728b)
Start importing Assets/Scenes/Environment/NavMesh-Floor Tile 02 (13).asset using Guid(b18378a531e00f34f95c0f537c35e843) Importer(815301076,1909f56bfc062723c751e8b465ee728b)  -> (artifact id: '417b5c0fa15e606b524d854d0c14986d') in 0.006094 seconds
Number of updated asset objects reloaded before import = 0
Number of asset objects unloaded after import = 1
========================================================================
Received Import Request.
  Time since last request: 0.000015 seconds.
  path: Assets/Scenes/Environment/NavMesh-Floor Tile 02 (12).asset
  artifactKey: Guid(f84b751e57694b64caec2e3c306c4a1d) Importer(815301076,1909f56bfc062723c751e8b465ee728b)
Start importing Assets/Scenes/Environment/NavMesh-Floor Tile 02 (12).asset using Guid(f84b751e57694b64caec2e3c306c4a1d) Importer(815301076,1909f56bfc062723c751e8b465ee728b)  -> (artifact id: 'f7c72e89f5a0097243ec7961362bd048') in 0.007257 seconds
Number of updated asset objects reloaded before import = 0
Number of asset objects unloaded after import = 1
========================================================================
Received Import Request.
  Time since last request: 0.306216 seconds.
  path: Assets/Scenes/Environment/NavMesh-Floor Tile 02.asset
  artifactKey: Guid(b4cf0307883e93c4bb987d77dd20588b) Importer(815301076,1909f56bfc062723c751e8b465ee728b)
Start importing Assets/Scenes/Environment/NavMesh-Floor Tile 02.asset using Guid(b4cf0307883e93c4bb987d77dd20588b) Importer(815301076,1909f56bfc062723c751e8b465ee728b)  -> (artifact id: 'c67e862c11fc196b0fc8f245441b6be9') in 0.006624 seconds
Number of updated asset objects reloaded before import = 0
Number of asset objects unloaded after import = 1
========================================================================
Received Import Request.
  Time since last request: 0.000043 seconds.
  path: Assets/Scenes/Environment/NavMesh-Floor Tile 02 (5).asset
  artifactKey: Guid(e4b650f9e56566142b57647da0e27487) Importer(815301076,1909f56bfc062723c751e8b465ee728b)
Start importing Assets/Scenes/Environment/NavMesh-Floor Tile 02 (5).asset using Guid(e4b650f9e56566142b57647da0e27487) Importer(815301076,1909f56bfc062723c751e8b465ee728b)  -> (artifact id: '44699b0af339d03581727a3f0f08a94d') in 0.006072 seconds
Number of updated asset objects reloaded before import = 0
Number of asset objects unloaded after import = 1
========================================================================
Received Import Request.
  Time since last request: 0.000087 seconds.
  path: Assets/Scenes/Environment/NavMesh-Floor Tile 02 (3).asset
  artifactKey: Guid(717dbfcc54a13c847b33922ab48c87e9) Importer(815301076,1909f56bfc062723c751e8b465ee728b)
Start importing Assets/Scenes/Environment/NavMesh-Floor Tile 02 (3).asset using Guid(717dbfcc54a13c847b33922ab48c87e9) Importer(815301076,1909f56bfc062723c751e8b465ee728b)  -> (artifact id: '0179c13a04879bb51e14cfdb1005a8dc') in 0.007455 seconds
Number of updated asset objects reloaded before import = 0
Number of asset objects unloaded after import = 1
========================================================================
Received Import Request.
  Time since last request: 0.020020 seconds.
  path: Assets/Scenes/Environment/NavMesh-Floor Tile 01 (8).asset
  artifactKey: Guid(4698022fdc4460f41859d536467d327f) Importer(815301076,1909f56bfc062723c751e8b465ee728b)
Start importing Assets/Scenes/Environment/NavMesh-Floor Tile 01 (8).asset using Guid(4698022fdc4460f41859d536467d327f) Importer(815301076,1909f56bfc062723c751e8b465ee728b)  -> (artifact id: '9e6afe6db8c20bcde29efe20a0d7dbe0') in 0.006039 seconds
Number of updated asset objects reloaded before import = 0
Number of asset objects unloaded after import = 1
========================================================================
Received Import Request.
  Time since last request: 0.000163 seconds.
  path: Assets/Scenes/Environment/NavMesh-Floor Tile 01 (15).asset
  artifactKey: Guid(cc8c86242fd9ec542a4ae251b665982d) Importer(815301076,1909f56bfc062723c751e8b465ee728b)
Start importing Assets/Scenes/Environment/NavMesh-Floor Tile 01 (15).asset using Guid(cc8c86242fd9ec542a4ae251b665982d) Importer(815301076,1909f56bfc062723c751e8b465ee728b)  -> (artifact id: 'e0b241cff07fde28495bddc36c513192') in 0.008701 seconds
Number of updated asset objects reloaded before import = 0
Number of asset objects unloaded after import = 1
========================================================================
Received Import Request.
  Time since last request: 0.000021 seconds.
  path: Assets/Scenes/Environment/NavMesh-Floor Tile 01 (11).asset
  artifactKey: Guid(05f8633daf20b764c843375fd2ed036a) Importer(815301076,1909f56bfc062723c751e8b465ee728b)
Start importing Assets/Scenes/Environment/NavMesh-Floor Tile 01 (11).asset using Guid(05f8633daf20b764c843375fd2ed036a) Importer(815301076,1909f56bfc062723c751e8b465ee728b)  -> (artifact id: '363138ce12d121ad10662d96b4acff8a') in 0.007618 seconds
Number of updated asset objects reloaded before import = 0
Number of asset objects unloaded after import = 1
========================================================================
Received Import Request.
  Time since last request: 0.338723 seconds.
  path: Assets/Scenes/Environment/NavMesh-Floor Tile 01.asset
  artifactKey: Guid(9527f63e351542b44a09585ae210b4f2) Importer(815301076,1909f56bfc062723c751e8b465ee728b)
Start importing Assets/Scenes/Environment/NavMesh-Floor Tile 01.asset using Guid(9527f63e351542b44a09585ae210b4f2) Importer(815301076,1909f56bfc062723c751e8b465ee728b)  -> (artifact id: '74724e5c3947eef34f5f7cfb25e8caca') in 0.006401 seconds
Number of updated asset objects reloaded before import = 0
Number of asset objects unloaded after import = 1
========================================================================
Received Import Request.
  Time since last request: 0.000173 seconds.
  path: Assets/Scenes/Environment/NavMesh-Floor Tile 01 (4).asset
  artifactKey: Guid(d0597e8f7ac9a8143873e20924463a2e) Importer(815301076,1909f56bfc062723c751e8b465ee728b)
Start importing Assets/Scenes/Environment/NavMesh-Floor Tile 01 (4).asset using Guid(d0597e8f7ac9a8143873e20924463a2e) Importer(815301076,1909f56bfc062723c751e8b465ee728b)  -> (artifact id: '6876eb9cc524e352db5f61b1f51766ad') in 0.007224 seconds
Number of updated asset objects reloaded before import = 0
Number of asset objects unloaded after import = 1
Editor requested this worker to shutdown with reason: Scaling down because of idle timeout
TcpMessagingSession - receive error: operation aborted. errorcode: 995, details: The I/O operation has been aborted because of either a thread exit or an application request.
AssetImportWorker is now disconnected from the server
Process exiting
Exiting without the bug reporter. Application will terminate with return code 0